app/build/outputs/logs/manifest-merger-debug-report.txt
-- Merging decision tree log ---
manifest
ADDED from src\main\AndroidManifest.xml:2:1-25:12
	xmlns:android
		ADDED from src\main\AndroidManifest.xml:2:11-69
	package
		ADDED from src\main\AndroidManifest.xml:3:7-30
		INJECTED from src\main\AndroidManifest.xml
		INJECTED from src\main\AndroidManifest.xml
	android:versionName
		ADDED from src\main\AndroidManifest.xml:5:7-32
		INJECTED from src\main\AndroidManifest.xml
		INJECTED from src\main\AndroidManifest.xml
	android:versionCode
		ADDED from src\main\AndroidManifest.xml:4:7-30
		INJECTED from src\main\AndroidManifest.xml
		INJECTED from src\main\AndroidManifest.xml
uses-sdk
ADDED from src\main\AndroidManifest.xml:6:5-73
	android:targetSdkVersion
		ADDED from src\main\AndroidManifest.xml:6:41-70
		INJECTED from src\main\AndroidManifest.xml
		INJECTED from src\main\AndroidManifest.xml
	android:minSdkVersion
		ADDED from src\main\AndroidManifest.xml:6:15-40
		INJECTED from src\main\AndroidManifest.xml
		INJECTED from src\main\AndroidManifest.xml
application
ADDED from src\main\AndroidManifest.xml:7:2-24:19
	android:label
		ADDED from src\main\AndroidManifest.xml:7:51-83
	android:allowBackup
		ADDED from src\main\AndroidManifest.xml:7:84-110
	android:icon
		ADDED from src\main\AndroidManifest.xml:7:15-50
activity#com.picnicpro.PicnicActivity
ADDED from src\main\AndroidManifest.xml:8:9-14:20
	android:screenOrientation
		ADDED from src\main\AndroidManifest.xml:9:52-88
	android:label
		ADDED from src\main\AndroidManifest.xml:9:19-51
	android:name
		ADDED from src\main\AndroidManifest.xml:8:19-62
intent-filter#android.intent.action.MAIN+android.intent.category.LAUNCHER
ADDED from src\main\AndroidManifest.xml:10:13-13:29
action#android.intent.action.MAIN
ADDED from src\main\AndroidManifest.xml:11:17-69
	android:name
		ADDED from src\main\AndroidManifest.xml:11:25-66
category#android.intent.category.LAUNCHER
ADDED from src\main\AndroidManifest.xml:12:17-77
	android:name
		ADDED from src\main\AndroidManifest.xml:12:27-74
activity#com.picnicpro.PicnicplayActivity
ADDED from src\main\AndroidManifest.xml:15:1-165
	android:screenOrientation
		ADDED from src\main\AndroidManifest.xml:15:117-153
	android:noHistory
		ADDED from src\main\AndroidManifest.xml:15:11-35
	android:label
		ADDED from src\main\AndroidManifest.xml:15:36-68
	android:name
		ADDED from src\main\AndroidManifest.xml:15:69-116
activity#com.picnicpro.PicnicplaycActivity
ADDED from src\main\AndroidManifest.xml:16:1-166
	android:screenOrientation
		ADDED from src\main\AndroidManifest.xml:16:118-154
	android:noHistory
		ADDED from src\main\AndroidManifest.xml:16:11-35
	android:label
		ADDED from src\main\AndroidManifest.xml:16:36-68
	android:name
		ADDED from src\main\AndroidManifest.xml:16:69-117
activity#com.picnicpro.Picnicplay3Activity
ADDED from src\main\AndroidManifest.xml:17:1-166
	android:screenOrientation
		ADDED from src\main\AndroidManifest.xml:17:118-154
	android:noHistory
		ADDED from src\main\AndroidManifest.xml:17:11-35
	android:label
		ADDED from src\main\AndroidManifest.xml:17:36-68
	android:name
		ADDED from src\main\AndroidManifest.xml:17:69-117
activity#com.picnicpro.Picnicplay4Activity
ADDED from src\main\AndroidManifest.xml:18:1-166
	android:screenOrientation
		ADDED from src\main\AndroidManifest.xml:18:118-154
	android:noHistory
		ADDED from src\main\AndroidManifest.xml:18:11-35
	android:label
		ADDED from src\main\AndroidManifest.xml:18:36-68
	android:name
		ADDED from src\main\AndroidManifest.xml:18:69-117
activity#com.picnicpro.Picnic2Activity
ADDED from src\main\AndroidManifest.xml:19:1-137
	android:screenOrientation
		ADDED from src\main\AndroidManifest.xml:19:89-125
	android:label
		ADDED from src\main\AndroidManifest.xml:19:11-43
	android:name
		ADDED from src\main\AndroidManifest.xml:19:44-88
activity#com.picnicpro.Picnic3Activity
ADDED from src\main\AndroidManifest.xml:20:1-137
	android:screenOrientation
		ADDED from src\main\AndroidManifest.xml:20:89-125
	android:label
		ADDED from src\main\AndroidManifest.xml:20:11-43
	android:name
		ADDED from src\main\AndroidManifest.xml:20:44-88
activity#com.picnicpro.Picnic4Activity
ADDED from src\main\AndroidManifest.xml:21:1-137
	android:screenOrientation
		ADDED from src\main\AndroidManifest.xml:21:89-125
	android:label
		ADDED from src\main\AndroidManifest.xml:21:11-43
	android:name
		ADDED from src\main\AndroidManifest.xml:21:44-88
activity#com.picnicpro.PicniccActivity
ADDED from src\main\AndroidManifest.xml:22:1-137
	android:screenOrientation
		ADDED from src\main\AndroidManifest.xml:22:89-125
	android:label
		ADDED from src\main\AndroidManifest.xml:22:11-43
	android:name
		ADDED from src\main\AndroidManifest.xml:22:44-88
activity#com.picnicpro.PicnicrulesActivity
ADDED from src\main\AndroidManifest.xml:23:1-141
	android:screenOrientation
		ADDED from src\main\AndroidManifest.xml:23:93-129
	android:label
		ADDED from src\main\AndroidManifest.xml:23:11-43
	android:name
		ADDED from src\main\AndroidManifest.xml:23:44-92